[2022-12-20 10:50:19] local.ERROR: Please provide a valid cache path. {"exception":"[object] (InvalidArgumentException(code: 0): Please provide a valid cache path. at /var/www/u1825826/data/www/dali-dance.ru/vendor/laravel/framework/src/Illuminate/View/Compilers/Compiler.php:66)
[stacktrace]
#0 /var/www/u1825826/data/www/dali-dance.ru/vendor/laravel/framework/src/Illuminate/View/ViewServiceProvider.php(93): Illuminate\\View\\Compilers\\Compiler->__construct(Object(Illuminate\\Filesystem\\Filesystem), false, '', true, 'php')
#1 /var/www/u1825826/data/www/dali-dance.ru/vendor/laravel/framework/src/Illuminate/Container/Container.php(871): Illuminate\\View\\ViewServiceProvider->Illuminate\\View\\{closure}(Object(Illuminate\\Foundation\\Application), Array)
#2 /var/www/u1825826/data/www/dali-dance.ru/vendor/laravel/framework/src/Illuminate/Container/Container.php(756): Illuminate\\Container\\Container->build(Object(Closure))
#3 /var/www/u1825826/data/www/dali-dance.ru/vendor/laravel/framework/src/Illuminate/Foundation/Application.php(855): Illuminate\\Container\\Container->resolve('blade.compiler', Array, true)
#4 /var/www/u1825826/data/www/dali-dance.ru/vendor/laravel/framework/src/Illuminate/Container/Container.php(692): Illuminate\\Foundation\\Application->resolve('blade.compiler', Array)
#5 /var/www/u1825826/data/www/dali-dance.ru/vendor/laravel/framework/src/Illuminate/Foundation/Application.php(840): Illuminate\\Container\\Container->make('blade.compiler', Array)
#6 /var/www/u1825826/data/www/dali-dance.ru/vendor/laravel/framework/src/Illuminate/Container/Container.php(1415): Illuminate\\Foundation\\Application->make('blade.compiler')
#7 /var/www/u1825826/data/www/dali-dance.ru/vendor/laravel/framework/src/Illuminate/Support/Facades/Facade.php(222): Illuminate\\Container\\Container->offsetGet('blade.compiler')
#8 /var/www/u1825826/data/www/dali-dance.ru/vendor/laravel/framework/src/Illuminate/Support/Facades/Facade.php(193): Illuminate\\Support\\Facades\\Facade::resolveFacadeInstance('blade.compiler')
#9 /var/www/u1825826/data/www/dali-dance.ru/vendor/laravel/framework/src/Illuminate/Support/Facades/Facade.php(331): Illuminate\\Support\\Facades\\Facade::getFacadeRoot()
#10 /var/www/u1825826/data/www/dali-dance.ru/vendor/orchid/blade-icons/src/IconServiceProvider.php(22): Illuminate\\Support\\Facades\\Facade::__callStatic('component', Array)
#11 /var/www/u1825826/data/www/dali-dance.ru/vendor/laravel/framework/src/Illuminate/Foundation/Application.php(686): Orchid\\Icons\\IconServiceProvider->register()
#12 /var/www/u1825826/data/www/dali-dance.ru/vendor/laravel/framework/src/Illuminate/Foundation/ProviderRepository.php(75): Illuminate\\Foundation\\Application->register(Object(Orchid\\Icons\\IconServiceProvider))
#13 /var/www/u1825826/data/www/dali-dance.ru/vendor/laravel/framework/src/Illuminate/Foundation/Application.php(663): Illuminate\\Foundation\\ProviderRepository->load(Array)
#14 /var/www/u1825826/data/www/dali-dance.ru/vendor/laravel/framework/src/Illuminate/Foundation/Bootstrap/RegisterProviders.php(17): Illuminate\\Foundation\\Application->registerConfiguredProviders()
#15 /var/www/u1825826/data/www/dali-dance.ru/vendor/laravel/framework/src/Illuminate/Foundation/Application.php(239): Illuminate\\Foundation\\Bootstrap\\RegisterProviders->bootstrap(Object(Illuminate\\Foundation\\Application))
#16 /var/www/u1825826/data/www/dali-dance.ru/vendor/laravel/framework/src/Illuminate/Foundation/Console/Kernel.php(310): Illuminate\\Foundation\\Application->bootstrapWith(Array)
#17 /var/www/u1825826/data/www/dali-dance.ru/vendor/laravel/framework/src/Illuminate/Foundation/Console/Kernel.php(127): Illuminate\\Foundation\\Console\\Kernel->bootstrap()
#18 /var/www/u1825826/data/www/dali-dance.ru/artisan(37): Illuminate\\Foundation\\Console\\Kernel->handle(Object(Symfony\\Component\\Console\\Input\\ArgvInput), Object(Symfony\\Component\\Console\\Output\\ConsoleOutput))
#19 {main}
"} 
[2022-12-20 10:50:54] local.ERROR: The /var/www/u1825826/data/www/dali-dance.ru/bootstrap/cache directory must be present and writable. {"exception":"[object] (Exception(code: 0): The /var/www/u1825826/data/www/dali-dance.ru/bootstrap/cache directory must be present and writable. at /var/www/u1825826/data/www/dali-dance.ru/vendor/laravel/framework/src/Illuminate/Foundation/PackageManifest.php:178)
[stacktrace]
#0 /var/www/u1825826/data/www/dali-dance.ru/vendor/laravel/framework/src/Illuminate/Foundation/PackageManifest.php(137): Illuminate\\Foundation\\PackageManifest->write(Array)
#1 /var/www/u1825826/data/www/dali-dance.ru/vendor/laravel/framework/src/Illuminate/Foundation/PackageManifest.php(107): Illuminate\\Foundation\\PackageManifest->build()
#2 /var/www/u1825826/data/www/dali-dance.ru/vendor/laravel/framework/src/Illuminate/Foundation/PackageManifest.php(90): Illuminate\\Foundation\\PackageManifest->getManifest()
#3 /var/www/u1825826/data/www/dali-dance.ru/vendor/laravel/framework/src/Illuminate/Foundation/PackageManifest.php(79): Illuminate\\Foundation\\PackageManifest->config('aliases')
#4 /var/www/u1825826/data/www/dali-dance.ru/vendor/laravel/framework/src/Illuminate/Foundation/Bootstrap/RegisterFacades.php(26): Illuminate\\Foundation\\PackageManifest->aliases()
#5 /var/www/u1825826/data/www/dali-dance.ru/vendor/laravel/framework/src/Illuminate/Foundation/Application.php(239): Illuminate\\Foundation\\Bootstrap\\RegisterFacades->bootstrap(Object(Illuminate\\Foundation\\Application))
#6 /var/www/u1825826/data/www/dali-dance.ru/vendor/laravel/framework/src/Illuminate/Foundation/Http/Kernel.php(153): Illuminate\\Foundation\\Application->bootstrapWith(Array)
#7 /var/www/u1825826/data/www/dali-dance.ru/vendor/laravel/framework/src/Illuminate/Foundation/Http/Kernel.php(137): Illuminate\\Foundation\\Http\\Kernel->bootstrap()
#8 /var/www/u1825826/data/www/dali-dance.ru/vendor/laravel/framework/src/Illuminate/Foundation/Http/Kernel.php(111): Illuminate\\Foundation\\Http\\Kernel->sendRequestThroughRouter(Object(Illuminate\\Http\\Request))
#9 /var/www/u1825826/data/www/dali-dance.ru/public/index.php(52): Illuminate\\Foundation\\Http\\Kernel->handle(Object(Illuminate\\Http\\Request))
#10 {main}
"} 
[2022-12-20 10:51:12] local.ERROR: Please provide a valid cache path. {"exception":"[object] (InvalidArgumentException(code: 0): Please provide a valid cache path. at /var/www/u1825826/data/www/dali-dance.ru/vendor/laravel/framework/src/Illuminate/View/Compilers/Compiler.php:66)
[stacktrace]
#0 /var/www/u1825826/data/www/dali-dance.ru/vendor/laravel/framework/src/Illuminate/View/ViewServiceProvider.php(93): Illuminate\\View\\Compilers\\Compiler->__construct(Object(Illuminate\\Filesystem\\Filesystem), false, '', true, 'php')
#1 /var/www/u1825826/data/www/dali-dance.ru/vendor/laravel/framework/src/Illuminate/Container/Container.php(871): Illuminate\\View\\ViewServiceProvider->Illuminate\\View\\{closure}(Object(Illuminate\\Foundation\\Application), Array)
#2 /var/www/u1825826/data/www/dali-dance.ru/vendor/laravel/framework/src/Illuminate/Container/Container.php(756): Illuminate\\Container\\Container->build(Object(Closure))
#3 /var/www/u1825826/data/www/dali-dance.ru/vendor/laravel/framework/src/Illuminate/Foundation/Application.php(855): Illuminate\\Container\\Container->resolve('blade.compiler', Array, true)
#4 /var/www/u1825826/data/www/dali-dance.ru/vendor/laravel/framework/src/Illuminate/Container/Container.php(692): Illuminate\\Foundation\\Application->resolve('blade.compiler', Array)
#5 /var/www/u1825826/data/www/dali-dance.ru/vendor/laravel/framework/src/Illuminate/Foundation/Application.php(840): Illuminate\\Container\\Container->make('blade.compiler', Array)
#6 /var/www/u1825826/data/www/dali-dance.ru/vendor/laravel/framework/src/Illuminate/Container/Container.php(1415): Illuminate\\Foundation\\Application->make('blade.compiler')
#7 /var/www/u1825826/data/www/dali-dance.ru/vendor/laravel/framework/src/Illuminate/Support/Facades/Facade.php(222): Illuminate\\Container\\Container->offsetGet('blade.compiler')
#8 /var/www/u1825826/data/www/dali-dance.ru/vendor/laravel/framework/src/Illuminate/Support/Facades/Facade.php(193): Illuminate\\Support\\Facades\\Facade::resolveFacadeInstance('blade.compiler')
#9 /var/www/u1825826/data/www/dali-dance.ru/vendor/laravel/framework/src/Illuminate/Support/Facades/Facade.php(331): Illuminate\\Support\\Facades\\Facade::getFacadeRoot()
#10 /var/www/u1825826/data/www/dali-dance.ru/vendor/orchid/blade-icons/src/IconServiceProvider.php(22): Illuminate\\Support\\Facades\\Facade::__callStatic('component', Array)
#11 /var/www/u1825826/data/www/dali-dance.ru/vendor/laravel/framework/src/Illuminate/Foundation/Application.php(686): Orchid\\Icons\\IconServiceProvider->register()
#12 /var/www/u1825826/data/www/dali-dance.ru/vendor/laravel/framework/src/Illuminate/Foundation/ProviderRepository.php(75): Illuminate\\Foundation\\Application->register(Object(Orchid\\Icons\\IconServiceProvider))
#13 /var/www/u1825826/data/www/dali-dance.ru/vendor/laravel/framework/src/Illuminate/Foundation/Application.php(663): Illuminate\\Foundation\\ProviderRepository->load(Array)
#14 /var/www/u1825826/data/www/dali-dance.ru/vendor/laravel/framework/src/Illuminate/Foundation/Bootstrap/RegisterProviders.php(17): Illuminate\\Foundation\\Application->registerConfiguredProviders()
#15 /var/www/u1825826/data/www/dali-dance.ru/vendor/laravel/framework/src/Illuminate/Foundation/Application.php(239): Illuminate\\Foundation\\Bootstrap\\RegisterProviders->bootstrap(Object(Illuminate\\Foundation\\Application))
#16 /var/www/u1825826/data/www/dali-dance.ru/vendor/laravel/framework/src/Illuminate/Foundation/Http/Kernel.php(153): Illuminate\\Foundation\\Application->bootstrapWith(Array)
#17 /var/www/u1825826/data/www/dali-dance.ru/vendor/laravel/framework/src/Illuminate/Foundation/Http/Kernel.php(137): Illuminate\\Foundation\\Http\\Kernel->bootstrap()
#18 /var/www/u1825826/data/www/dali-dance.ru/vendor/laravel/framework/src/Illuminate/Foundation/Http/Kernel.php(111): Illuminate\\Foundation\\Http\\Kernel->sendRequestThroughRouter(Object(Illuminate\\Http\\Request))
#19 /var/www/u1825826/data/www/dali-dance.ru/public/index.php(52): Illuminate\\Foundation\\Http\\Kernel->handle(Object(Illuminate\\Http\\Request))
#20 {main}
"} 
[2022-12-20 10:54:03] local.ERROR: Please provide a valid cache path. {"exception":"[object] (InvalidArgumentException(code: 0): Please provide a valid cache path. at /var/www/u1825826/data/www/dali-dance.ru/vendor/laravel/framework/src/Illuminate/View/Compilers/Compiler.php:66)
[stacktrace]
#0 /var/www/u1825826/data/www/dali-dance.ru/vendor/laravel/framework/src/Illuminate/View/ViewServiceProvider.php(93): Illuminate\\View\\Compilers\\Compiler->__construct(Object(Illuminate\\Filesystem\\Filesystem), false, '', true, 'php')
#1 /var/www/u1825826/data/www/dali-dance.ru/vendor/laravel/framework/src/Illuminate/Container/Container.php(871): Illuminate\\View\\ViewServiceProvider->Illuminate\\View\\{closure}(Object(Illuminate\\Foundation\\Application), Array)
#2 /var/www/u1825826/data/www/dali-dance.ru/vendor/laravel/framework/src/Illuminate/Container/Container.php(756): Illuminate\\Container\\Container->build(Object(Closure))
#3 /var/www/u1825826/data/www/dali-dance.ru/vendor/laravel/framework/src/Illuminate/Foundation/Application.php(855): Illuminate\\Container\\Container->resolve('blade.compiler', Array, true)
#4 /var/www/u1825826/data/www/dali-dance.ru/vendor/laravel/framework/src/Illuminate/Container/Container.php(692): Illuminate\\Foundation\\Application->resolve('blade.compiler', Array)
#5 /var/www/u1825826/data/www/dali-dance.ru/vendor/laravel/framework/src/Illuminate/Foundation/Application.php(840): Illuminate\\Container\\Container->make('blade.compiler', Array)
#6 /var/www/u1825826/data/www/dali-dance.ru/vendor/laravel/framework/src/Illuminate/Container/Container.php(1415): Illuminate\\Foundation\\Application->make('blade.compiler')
#7 /var/www/u1825826/data/www/dali-dance.ru/vendor/laravel/framework/src/Illuminate/Support/Facades/Facade.php(222): Illuminate\\Container\\Container->offsetGet('blade.compiler')
#8 /var/www/u1825826/data/www/dali-dance.ru/vendor/laravel/framework/src/Illuminate/Support/Facades/Facade.php(193): Illuminate\\Support\\Facades\\Facade::resolveFacadeInstance('blade.compiler')
#9 /var/www/u1825826/data/www/dali-dance.ru/vendor/laravel/framework/src/Illuminate/Support/Facades/Facade.php(331): Illuminate\\Support\\Facades\\Facade::getFacadeRoot()
#10 /var/www/u1825826/data/www/dali-dance.ru/vendor/orchid/blade-icons/src/IconServiceProvider.php(22): Illuminate\\Support\\Facades\\Facade::__callStatic('component', Array)
#11 /var/www/u1825826/data/www/dali-dance.ru/vendor/laravel/framework/src/Illuminate/Foundation/Application.php(686): Orchid\\Icons\\IconServiceProvider->register()
#12 /var/www/u1825826/data/www/dali-dance.ru/vendor/laravel/framework/src/Illuminate/Foundation/ProviderRepository.php(75): Illuminate\\Foundation\\Application->register(Object(Orchid\\Icons\\IconServiceProvider))
#13 /var/www/u1825826/data/www/dali-dance.ru/vendor/laravel/framework/src/Illuminate/Foundation/Application.php(663): Illuminate\\Foundation\\ProviderRepository->load(Array)
#14 /var/www/u1825826/data/www/dali-dance.ru/vendor/laravel/framework/src/Illuminate/Foundation/Bootstrap/RegisterProviders.php(17): Illuminate\\Foundation\\Application->registerConfiguredProviders()
#15 /var/www/u1825826/data/www/dali-dance.ru/vendor/laravel/framework/src/Illuminate/Foundation/Application.php(239): Illuminate\\Foundation\\Bootstrap\\RegisterProviders->bootstrap(Object(Illuminate\\Foundation\\Application))
#16 /var/www/u1825826/data/www/dali-dance.ru/vendor/laravel/framework/src/Illuminate/Foundation/Http/Kernel.php(153): Illuminate\\Foundation\\Application->bootstrapWith(Array)
#17 /var/www/u1825826/data/www/dali-dance.ru/vendor/laravel/framework/src/Illuminate/Foundation/Http/Kernel.php(137): Illuminate\\Foundation\\Http\\Kernel->bootstrap()
#18 /var/www/u1825826/data/www/dali-dance.ru/vendor/laravel/framework/src/Illuminate/Foundation/Http/Kernel.php(111): Illuminate\\Foundation\\Http\\Kernel->sendRequestThroughRouter(Object(Illuminate\\Http\\Request))
#19 /var/www/u1825826/data/www/dali-dance.ru/public/index.php(52): Illuminate\\Foundation\\Http\\Kernel->handle(Object(Illuminate\\Http\\Request))
#20 {main}
"} 
[2022-12-20 11:24:34] local.ERROR: The /var/www/u1825826/data/www/dali-dance.ru/bootstrap/cache directory must be present and writable. {"exception":"[object] (Exception(code: 0): The /var/www/u1825826/data/www/dali-dance.ru/bootstrap/cache directory must be present and writable. at /var/www/u1825826/data/www/dali-dance.ru/vendor/laravel/framework/src/Illuminate/Foundation/PackageManifest.php:178)
[stacktrace]
#0 /var/www/u1825826/data/www/dali-dance.ru/vendor/laravel/framework/src/Illuminate/Foundation/PackageManifest.php(137): Illuminate\\Foundation\\PackageManifest->write(Array)
#1 /var/www/u1825826/data/www/dali-dance.ru/vendor/laravel/framework/src/Illuminate/Foundation/PackageManifest.php(107): Illuminate\\Foundation\\PackageManifest->build()
#2 /var/www/u1825826/data/www/dali-dance.ru/vendor/laravel/framework/src/Illuminate/Foundation/PackageManifest.php(90): Illuminate\\Foundation\\PackageManifest->getManifest()
#3 /var/www/u1825826/data/www/dali-dance.ru/vendor/laravel/framework/src/Illuminate/Foundation/PackageManifest.php(79): Illuminate\\Foundation\\PackageManifest->config('aliases')
#4 /var/www/u1825826/data/www/dali-dance.ru/vendor/laravel/framework/src/Illuminate/Foundation/Bootstrap/RegisterFacades.php(26): Illuminate\\Foundation\\PackageManifest->aliases()
#5 /var/www/u1825826/data/www/dali-dance.ru/vendor/laravel/framework/src/Illuminate/Foundation/Application.php(239): Illuminate\\Foundation\\Bootstrap\\RegisterFacades->bootstrap(Object(Illuminate\\Foundation\\Application))
#6 /var/www/u1825826/data/www/dali-dance.ru/vendor/laravel/framework/src/Illuminate/Foundation/Http/Kernel.php(153): Illuminate\\Foundation\\Application->bootstrapWith(Array)
#7 /var/www/u1825826/data/www/dali-dance.ru/vendor/laravel/framework/src/Illuminate/Foundation/Http/Kernel.php(137): Illuminate\\Foundation\\Http\\Kernel->bootstrap()
#8 /var/www/u1825826/data/www/dali-dance.ru/vendor/laravel/framework/src/Illuminate/Foundation/Http/Kernel.php(111): Illuminate\\Foundation\\Http\\Kernel->sendRequestThroughRouter(Object(Illuminate\\Http\\Request))
#9 /var/www/u1825826/data/www/dali-dance.ru/public/index.php(52): Illuminate\\Foundation\\Http\\Kernel->handle(Object(Illuminate\\Http\\Request))
#10 {main}
"} 
[2022-12-20 11:25:34] local.ERROR: The /var/www/u1825826/data/www/dali-dance.ru/bootstrap/cache directory must be present and writable. {"exception":"[object] (Exception(code: 0): The /var/www/u1825826/data/www/dali-dance.ru/bootstrap/cache directory must be present and writable. at /var/www/u1825826/data/www/dali-dance.ru/vendor/laravel/framework/src/Illuminate/Foundation/PackageManifest.php:178)
[stacktrace]
#0 /var/www/u1825826/data/www/dali-dance.ru/vendor/laravel/framework/src/Illuminate/Foundation/PackageManifest.php(137): Illuminate\\Foundation\\PackageManifest->write(Array)
#1 /var/www/u1825826/data/www/dali-dance.ru/vendor/laravel/framework/src/Illuminate/Foundation/PackageManifest.php(107): Illuminate\\Foundation\\PackageManifest->build()
#2 /var/www/u1825826/data/www/dali-dance.ru/vendor/laravel/framework/src/Illuminate/Foundation/PackageManifest.php(90): Illuminate\\Foundation\\PackageManifest->getManifest()
#3 /var/www/u1825826/data/www/dali-dance.ru/vendor/laravel/framework/src/Illuminate/Foundation/PackageManifest.php(79): Illuminate\\Foundation\\PackageManifest->config('aliases')
#4 /var/www/u1825826/data/www/dali-dance.ru/vendor/laravel/framework/src/Illuminate/Foundation/Bootstrap/RegisterFacades.php(26): Illuminate\\Foundation\\PackageManifest->aliases()
#5 /var/www/u1825826/data/www/dali-dance.ru/vendor/laravel/framework/src/Illuminate/Foundation/Application.php(239): Illuminate\\Foundation\\Bootstrap\\RegisterFacades->bootstrap(Object(Illuminate\\Foundation\\Application))
#6 /var/www/u1825826/data/www/dali-dance.ru/vendor/laravel/framework/src/Illuminate/Foundation/Http/Kernel.php(153): Illuminate\\Foundation\\Application->bootstrapWith(Array)
#7 /var/www/u1825826/data/www/dali-dance.ru/vendor/laravel/framework/src/Illuminate/Foundation/Http/Kernel.php(137): Illuminate\\Foundation\\Http\\Kernel->bootstrap()
#8 /var/www/u1825826/data/www/dali-dance.ru/vendor/laravel/framework/src/Illuminate/Foundation/Http/Kernel.php(111): Illuminate\\Foundation\\Http\\Kernel->sendRequestThroughRouter(Object(Illuminate\\Http\\Request))
#9 /var/www/u1825826/data/www/dali-dance.ru/public/index.php(52): Illuminate\\Foundation\\Http\\Kernel->handle(Object(Illuminate\\Http\\Request))
#10 {main}
"} 
[2022-12-20 11:26:34] local.ERROR: The /var/www/u1825826/data/www/dali-dance.ru/bootstrap/cache directory must be present and writable. {"exception":"[object] (Exception(code: 0): The /var/www/u1825826/data/www/dali-dance.ru/bootstrap/cache directory must be present and writable. at /var/www/u1825826/data/www/dali-dance.ru/vendor/laravel/framework/src/Illuminate/Foundation/PackageManifest.php:178)
[stacktrace]
#0 /var/www/u1825826/data/www/dali-dance.ru/vendor/laravel/framework/src/Illuminate/Foundation/PackageManifest.php(137): Illuminate\\Foundation\\PackageManifest->write(Array)
#1 /var/www/u1825826/data/www/dali-dance.ru/vendor/laravel/framework/src/Illuminate/Foundation/PackageManifest.php(107): Illuminate\\Foundation\\PackageManifest->build()
#2 /var/www/u1825826/data/www/dali-dance.ru/vendor/laravel/framework/src/Illuminate/Foundation/PackageManifest.php(90): Illuminate\\Foundation\\PackageManifest->getManifest()
#3 /var/www/u1825826/data/www/dali-dance.ru/vendor/laravel/framework/src/Illuminate/Foundation/PackageManifest.php(79): Illuminate\\Foundation\\PackageManifest->config('aliases')
#4 /var/www/u1825826/data/www/dali-dance.ru/vendor/laravel/framework/src/Illuminate/Foundation/Bootstrap/RegisterFacades.php(26): Illuminate\\Foundation\\PackageManifest->aliases()
#5 /var/www/u1825826/data/www/dali-dance.ru/vendor/laravel/framework/src/Illuminate/Foundation/Application.php(239): Illuminate\\Foundation\\Bootstrap\\RegisterFacades->bootstrap(Object(Illuminate\\Foundation\\Application))
#6 /var/www/u1825826/data/www/dali-dance.ru/vendor/laravel/framework/src/Illuminate/Foundation/Http/Kernel.php(153): Illuminate\\Foundation\\Application->bootstrapWith(Array)
#7 /var/www/u1825826/data/www/dali-dance.ru/vendor/laravel/framework/src/Illuminate/Foundation/Http/Kernel.php(137): Illuminate\\Foundation\\Http\\Kernel->bootstrap()
#8 /var/www/u1825826/data/www/dali-dance.ru/vendor/laravel/framework/src/Illuminate/Foundation/Http/Kernel.php(111): Illuminate\\Foundation\\Http\\Kernel->sendRequestThroughRouter(Object(Illuminate\\Http\\Request))
#9 /var/www/u1825826/data/www/dali-dance.ru/public/index.php(52): Illuminate\\Foundation\\Http\\Kernel->handle(Object(Illuminate\\Http\\Request))
#10 {main}
"} 
[2022-12-20 11:27:34] local.ERROR: The /var/www/u1825826/data/www/dali-dance.ru/bootstrap/cache directory must be present and writable. {"exception":"[object] (Exception(code: 0): The /var/www/u1825826/data/www/dali-dance.ru/bootstrap/cache directory must be present and writable. at /var/www/u1825826/data/www/dali-dance.ru/vendor/laravel/framework/src/Illuminate/Foundation/PackageManifest.php:178)
[stacktrace]
#0 /var/www/u1825826/data/www/dali-dance.ru/vendor/laravel/framework/src/Illuminate/Foundation/PackageManifest.php(137): Illuminate\\Foundation\\PackageManifest->write(Array)
#1 /var/www/u1825826/data/www/dali-dance.ru/vendor/laravel/framework/src/Illuminate/Foundation/PackageManifest.php(107): Illuminate\\Foundation\\PackageManifest->build()
#2 /var/www/u1825826/data/www/dali-dance.ru/vendor/laravel/framework/src/Illuminate/Foundation/PackageManifest.php(90): Illuminate\\Foundation\\PackageManifest->getManifest()
#3 /var/www/u1825826/data/www/dali-dance.ru/vendor/laravel/framework/src/Illuminate/Foundation/PackageManifest.php(79): Illuminate\\Foundation\\PackageManifest->config('aliases')
#4 /var/www/u1825826/data/www/dali-dance.ru/vendor/laravel/framework/src/Illuminate/Foundation/Bootstrap/RegisterFacades.php(26): Illuminate\\Foundation\\PackageManifest->aliases()
#5 /var/www/u1825826/data/www/dali-dance.ru/vendor/laravel/framework/src/Illuminate/Foundation/Application.php(239): Illuminate\\Foundation\\Bootstrap\\RegisterFacades->bootstrap(Object(Illuminate\\Foundation\\Application))
#6 /var/www/u1825826/data/www/dali-dance.ru/vendor/laravel/framework/src/Illuminate/Foundation/Http/Kernel.php(153): Illuminate\\Foundation\\Application->bootstrapWith(Array)
#7 /var/www/u1825826/data/www/dali-dance.ru/vendor/laravel/framework/src/Illuminate/Foundation/Http/Kernel.php(137): Illuminate\\Foundation\\Http\\Kernel->bootstrap()
#8 /var/www/u1825826/data/www/dali-dance.ru/vendor/laravel/framework/src/Illuminate/Foundation/Http/Kernel.php(111): Illuminate\\Foundation\\Http\\Kernel->sendRequestThroughRouter(Object(Illuminate\\Http\\Request))
#9 /var/www/u1825826/data/www/dali-dance.ru/public/index.php(52): Illuminate\\Foundation\\Http\\Kernel->handle(Object(Illuminate\\Http\\Request))
#10 {main}
"} 
